🚀 Server 5000 portunda çalışıyor
📱 API: http://localhost:5000/api
🏥 Health Check: http://localhost:5000/api/health
SQLite veritabanına başarıyla bağlanıldı
Veritabanı tabloları senkronize edildi
✅ SQLite veritabanı hazır
::1 - - [12/Aug/2025:11:28:24 +0000] "GET /api/customers/stats/overview HTTP/1.1" 401 58 "http://localhost:3000/" "Mozilla/5.0 (Macintosh; Intel Mac OS X 10_15_7) AppleWebKit/605.1.15 (KHTML, like Gecko) Version/18.6 Safari/605.1.15"
::1 - - [12/Aug/2025:11:28:24 +0000] "GET /api/customers/stats/overview HTTP/1.1" 401 58 "http://localhost:3000/" "Mozilla/5.0 (Macintosh; Intel Mac OS X 10_15_7) AppleWebKit/605.1.15 (KHTML, like Gecko) Version/18.6 Safari/605.1.15"
::1 - - [12/Aug/2025:11:28:24 +0000] "GET /api/balance/stats/overview HTTP/1.1" 401 60 "http://localhost:3000/" "Mozilla/5.0 (Macintosh; Intel Mac OS X 10_15_7) AppleWebKit/605.1.15 (KHTML, like Gecko) Version/18.6 Safari/605.1.15"
::1 - - [12/Aug/2025:11:28:24 +0000] "GET /api/sales/stats/overview HTTP/1.1" 401 60 "http://localhost:3000/" "Mozilla/5.0 (Macintosh; Intel Mac OS X 10_15_7) AppleWebKit/605.1.15 (KHTML, like Gecko) Version/18.6 Safari/605.1.15"
::1 - - [12/Aug/2025:11:28:24 +0000] "GET /manifest.json HTTP/1.1" 200 993 "http://localhost:3000/login" "Mozilla/5.0 (Macintosh; Intel Mac OS X 10_15_7) AppleWebKit/605.1.15 (KHTML, like Gecko) Version/18.6 Safari/605.1.15"
::1 - - [12/Aug/2025:11:28:30 +0000] "GET /manifest.json HTTP/1.1" 304 - "http://localhost:3000/" "Mozilla/5.0 (Macintosh; Intel Mac OS X 10_15_7) AppleWebKit/605.1.15 (KHTML, like Gecko) Version/18.6 Safari/605.1.15"
::1 - - [12/Aug/2025:11:28:32 +0000] "GET / HTTP/1.1" 200 993 "-" "Mozilla/5.0 (Macintosh; Intel Mac OS X 10_15_7) AppleWebKit/605.1.15 (KHTML, like Gecko) Version/18.6 Safari/605.1.15"
::1 - - [12/Aug/2025:11:28:37 +0000] "GET /manifest.json HTTP/1.1" 304 - "http://localhost:3000/" "Mozilla/5.0 (Macintosh; Intel Mac OS X 10_15_7) AppleWebKit/605.1.15 (KHTML, like Gecko) Version/18.6 Safari/605.1.15"
::1 - - [12/Aug/2025:11:28:43 +0000] "POST /api/auth/login HTTP/1.1" 200 354 "http://localhost:3000/login" "Mozilla/5.0 (Macintosh; Intel Mac OS X 10_15_7) AppleWebKit/605.1.15 (KHTML, like Gecko) Version/18.6 Safari/605.1.15"
::1 - - [12/Aug/2025:11:28:43 +0000] "GET /api/customers/stats/overview HTTP/1.1" 200 57 "http://localhost:3000/" "Mozilla/5.0 (Macintosh; Intel Mac OS X 10_15_7) AppleWebKit/605.1.15 (KHTML, like Gecko) Version/18.6 Safari/605.1.15"
::1 - - [12/Aug/2025:11:28:43 +0000] "GET /api/balance/stats/overview HTTP/1.1" 200 172 "http://localhost:3000/" "Mozilla/5.0 (Macintosh; Intel Mac OS X 10_15_7) AppleWebKit/605.1.15 (KHTML, like Gecko) Version/18.6 Safari/605.1.15"
::1 - - [12/Aug/2025:11:28:43 +0000] "GET /api/sales/stats/overview HTTP/1.1" 200 86 "http://localhost:3000/" "Mozilla/5.0 (Macintosh; Intel Mac OS X 10_15_7) AppleWebKit/605.1.15 (KHTML, like Gecko) Version/18.6 Safari/605.1.15"
::1 - - [12/Aug/2025:11:28:43 +0000] "GET /api/balance/recent?limit=5 HTTP/1.1" 200 1971 "http://localhost:3000/" "Mozilla/5.0 (Macintosh; Intel Mac OS X 10_15_7) AppleWebKit/605.1.15 (KHTML, like Gecko) Version/18.6 Safari/605.1.15"
::1 - - [12/Aug/2025:11:28:43 +0000] "GET /api/products/low-stock HTTP/1.1" 404 79 "http://localhost:3000/" "Mozilla/5.0 (Macintosh; Intel Mac OS X 10_15_7) AppleWebKit/605.1.15 (KHTML, like Gecko) Version/18.6 Safari/605.1.15"
::1 - - [12/Aug/2025:11:29:49 +0000] "GET / HTTP/1.1" 200 993 "-" "Mozilla/5.0 (Macintosh; Intel Mac OS X 10_15_7) AppleWebKit/605.1.15 (KHTML, like Gecko) Version/18.6 Safari/605.1.15"
::1 - - [12/Aug/2025:11:31:52 +0000] "GET /manifest.json HTTP/1.1" 200 993 "http://localhost:3000/" "Mozilla/5.0 (Macintosh; Intel Mac OS X 10_15_7) AppleWebKit/605.1.15 (KHTML, like Gecko) Version/18.6 Safari/605.1.15"
::1 - - [12/Aug/2025:11:31:52 +0000] "GET /api/auth/me HTTP/1.1" 200 169 "http://localhost:3000/" "Mozilla/5.0 (Macintosh; Intel Mac OS X 10_15_7) AppleWebKit/605.1.15 (KHTML, like Gecko) Version/18.6 Safari/605.1.15"
::1 - - [12/Aug/2025:11:31:52 +0000] "GET /api/customers/stats/overview HTTP/1.1" 304 - "http://localhost:3000/" "Mozilla/5.0 (Macintosh; Intel Mac OS X 10_15_7) AppleWebKit/605.1.15 (KHTML, like Gecko) Version/18.6 Safari/605.1.15"
::1 - - [12/Aug/2025:11:31:52 +0000] "GET /api/balance/stats/overview HTTP/1.1" 304 - "http://localhost:3000/" "Mozilla/5.0 (Macintosh; Intel Mac OS X 10_15_7) AppleWebKit/605.1.15 (KHTML, like Gecko) Version/18.6 Safari/605.1.15"
::1 - - [12/Aug/2025:11:31:52 +0000] "GET /api/sales/stats/overview HTTP/1.1" 304 - "http://localhost:3000/" "Mozilla/5.0 (Macintosh; Intel Mac OS X 10_15_7) AppleWebKit/605.1.15 (KHTML, like Gecko) Version/18.6 Safari/605.1.15"
::1 - - [12/Aug/2025:11:31:52 +0000] "GET /api/balance/recent?limit=5 HTTP/1.1" 304 - "http://localhost:3000/" "Mozilla/5.0 (Macintosh; Intel Mac OS X 10_15_7) AppleWebKit/605.1.15 (KHTML, like Gecko) Version/18.6 Safari/605.1.15"
::1 - - [12/Aug/2025:11:31:52 +0000] "GET /api/products/low-stock HTTP/1.1" 404 79 "http://localhost:3000/" "Mozilla/5.0 (Macintosh; Intel Mac OS X 10_15_7) AppleWebKit/605.1.15 (KHTML, like Gecko) Version/18.6 Safari/605.1.15"
::1 - - [12/Aug/2025:11:31:53 +0000] "GET /api/customers/stats/overview HTTP/1.1" 304 - "http://localhost:3000/" "Mozilla/5.0 (Macintosh; Intel Mac OS X 10_15_7) AppleWebKit/605.1.15 (KHTML, like Gecko) Version/18.6 Safari/605.1.15"
::1 - - [12/Aug/2025:11:31:53 +0000] "GET /api/customers/stats/overview HTTP/1.1" 304 - "http://localhost:3000/" "Mozilla/5.0 (Macintosh; Intel Mac OS X 10_15_7) AppleWebKit/605.1.15 (KHTML, like Gecko) Version/18.6 Safari/605.1.15"
::1 - - [12/Aug/2025:11:31:54 +0000] "GET /api/balance/stats/overview HTTP/1.1" 304 - "http://localhost:3000/" "Mozilla/5.0 (Macintosh; Intel Mac OS X 10_15_7) AppleWebKit/605.1.15 (KHTML, like Gecko) Version/18.6 Safari/605.1.15"
::1 - - [12/Aug/2025:11:31:54 +0000] "GET /api/balance/stats/overview HTTP/1.1" 304 - "http://localhost:3000/" "Mozilla/5.0 (Macintosh; Intel Mac OS X 10_15_7) AppleWebKit/605.1.15 (KHTML, like Gecko) Version/18.6 Safari/605.1.15"
::1 - - [12/Aug/2025:11:31:54 +0000] "GET /api/sales/stats/overview HTTP/1.1" 304 - "http://localhost:3000/" "Mozilla/5.0 (Macintosh; Intel Mac OS X 10_15_7) AppleWebKit/605.1.15 (KHTML, like Gecko) Version/18.6 Safari/605.1.15"
::1 - - [12/Aug/2025:11:31:54 +0000] "GET /api/sales/stats/overview HTTP/1.1" 304 - "http://localhost:3000/" "Mozilla/5.0 (Macintosh; Intel Mac OS X 10_15_7) AppleWebKit/605.1.15 (KHTML, like Gecko) Version/18.6 Safari/605.1.15"
::1 - - [12/Aug/2025:11:31:54 +0000] "GET /api/balance/recent?limit=5 HTTP/1.1" 304 - "http://localhost:3000/" "Mozilla/5.0 (Macintosh; Intel Mac OS X 10_15_7) AppleWebKit/605.1.15 (KHTML, like Gecko) Version/18.6 Safari/605.1.15"
::1 - - [12/Aug/2025:11:31:54 +0000] "GET /api/balance/recent?limit=5 HTTP/1.1" 304 - "http://localhost:3000/" "Mozilla/5.0 (Macintosh; Intel Mac OS X 10_15_7) AppleWebKit/605.1.15 (KHTML, like Gecko) Version/18.6 Safari/605.1.15"
::1 - - [12/Aug/2025:11:31:54 +0000] "GET /api/products/low-stock HTTP/1.1" 404 79 "http://localhost:3000/" "Mozilla/5.0 (Macintosh; Intel Mac OS X 10_15_7) AppleWebKit/605.1.15 (KHTML, like Gecko) Version/18.6 Safari/605.1.15"
::1 - - [12/Aug/2025:11:31:54 +0000] "GET /api/products/low-stock HTTP/1.1" 404 79 "http://localhost:3000/" "Mozilla/5.0 (Macintosh; Intel Mac OS X 10_15_7) AppleWebKit/605.1.15 (KHTML, like Gecko) Version/18.6 Safari/605.1.15"
::1 - - [12/Aug/2025:11:32:08 +0000] "GET /manifest.json HTTP/1.1" 200 993 "http://localhost:3000/" "Mozilla/5.0 (Macintosh; Intel Mac OS X 10_15_7) AppleWebKit/605.1.15 (KHTML, like Gecko) Version/18.6 Safari/605.1.15"
::1 - - [12/Aug/2025:11:32:09 +0000] "GET /api/auth/me HTTP/1.1" 304 - "http://localhost:3000/" "Mozilla/5.0 (Macintosh; Intel Mac OS X 10_15_7) AppleWebKit/605.1.15 (KHTML, like Gecko) Version/18.6 Safari/605.1.15"
::1 - - [12/Aug/2025:11:32:09 +0000] "GET /api/auth/me HTTP/1.1" 304 - "http://localhost:3000/" "Mozilla/5.0 (Macintosh; Intel Mac OS X 10_15_7) AppleWebKit/605.1.15 (KHTML, like Gecko) Version/18.6 Safari/605.1.15"
::1 - - [12/Aug/2025:11:32:09 +0000] "GET /api/customers/stats/overview HTTP/1.1" 304 - "http://localhost:3000/" "Mozilla/5.0 (Macintosh; Intel Mac OS X 10_15_7) AppleWebKit/605.1.15 (KHTML, like Gecko) Version/18.6 Safari/605.1.15"
::1 - - [12/Aug/2025:11:32:09 +0000] "GET /api/balance/stats/overview HTTP/1.1" 304 - "http://localhost:3000/" "Mozilla/5.0 (Macintosh; Intel Mac OS X 10_15_7) AppleWebKit/605.1.15 (KHTML, like Gecko) Version/18.6 Safari/605.1.15"
::1 - - [12/Aug/2025:11:32:09 +0000] "GET /api/sales/stats/overview HTTP/1.1" 304 - "http://localhost:3000/" "Mozilla/5.0 (Macintosh; Intel Mac OS X 10_15_7) AppleWebKit/605.1.15 (KHTML, like Gecko) Version/18.6 Safari/605.1.15"
::1 - - [12/Aug/2025:11:32:09 +0000] "GET /api/balance/recent?limit=5 HTTP/1.1" 304 - "http://localhost:3000/" "Mozilla/5.0 (Macintosh; Intel Mac OS X 10_15_7) AppleWebKit/605.1.15 (KHTML, like Gecko) Version/18.6 Safari/605.1.15"
::1 - - [12/Aug/2025:11:32:09 +0000] "GET /api/products/low-stock HTTP/1.1" 404 79 "http://localhost:3000/" "Mozilla/5.0 (Macintosh; Intel Mac OS X 10_15_7) AppleWebKit/605.1.15 (KHTML, like Gecko) Version/18.6 Safari/605.1.15"
::1 - - [12/Aug/2025:11:32:11 +0000] "GET /api/customers?page=1&limit=10&search=&sortBy=createdAt&sortOrder=desc HTTP/1.1" 304 - "http://localhost:3000/customers" "Mozilla/5.0 (Macintosh; Intel Mac OS X 10_15_7) AppleWebKit/605.1.15 (KHTML, like Gecko) Version/18.6 Safari/605.1.15"
::1 - - [12/Aug/2025:11:32:11 +0000] "GET /api/customers/stats/overview HTTP/1.1" 304 - "http://localhost:3000/customers" "Mozilla/5.0 (Macintosh; Intel Mac OS X 10_15_7) AppleWebKit/605.1.15 (KHTML, like Gecko) Version/18.6 Safari/605.1.15"
::1 - - [12/Aug/2025:11:32:11 +0000] "GET /api/customers/stats/overview HTTP/1.1" 304 - "http://localhost:3000/customers" "Mozilla/5.0 (Macintosh; Intel Mac OS X 10_15_7) AppleWebKit/605.1.15 (KHTML, like Gecko) Version/18.6 Safari/605.1.15"
::1 - - [12/Aug/2025:11:32:14 +0000] "GET /api/customers?search=can&limit=5 HTTP/1.1" 200 701 "http://localhost:3000/pos" "Mozilla/5.0 (Macintosh; Intel Mac OS X 10_15_7) AppleWebKit/605.1.15 (KHTML, like Gecko) Version/18.6 Safari/605.1.15"
::1 - - [12/Aug/2025:11:32:17 +0000] "GET /api/products/search/pos?search=don&limit=50 HTTP/1.1" 200 328 "http://localhost:3000/pos" "Mozilla/5.0 (Macintosh; Intel Mac OS X 10_15_7) AppleWebKit/605.1.15 (KHTML, like Gecko) Version/18.6 Safari/605.1.15"
::1 - - [12/Aug/2025:11:32:17 +0000] "GET /api/products/search/pos?search=don&limit=50 HTTP/1.1" 304 - "http://localhost:3000/pos" "Mozilla/5.0 (Macintosh; Intel Mac OS X 10_15_7) AppleWebKit/605.1.15 (KHTML, like Gecko) Version/18.6 Safari/605.1.15"
::1 - - [12/Aug/2025:11:32:32 +0000] "GET /api/customers?page=1&limit=10&search=&sortBy=createdAt&sortOrder=desc HTTP/1.1" 304 - "http://localhost:3000/customers" "Mozilla/5.0 (Macintosh; Intel Mac OS X 10_15_7) AppleWebKit/605.1.15 (KHTML, like Gecko) Version/18.6 Safari/605.1.15"
::1 - - [12/Aug/2025:11:32:32 +0000] "GET /api/customers/stats/overview HTTP/1.1" 304 - "http://localhost:3000/customers" "Mozilla/5.0 (Macintosh; Intel Mac OS X 10_15_7) AppleWebKit/605.1.15 (KHTML, like Gecko) Version/18.6 Safari/605.1.15"
::1 - - [12/Aug/2025:11:32:32 +0000] "GET /api/customers?page=1&limit=10&search=&sortBy=createdAt&sortOrder=desc HTTP/1.1" 304 - "http://localhost:3000/customers" "Mozilla/5.0 (Macintosh; Intel Mac OS X 10_15_7) AppleWebKit/605.1.15 (KHTML, like Gecko) Version/18.6 Safari/605.1.15"
::1 - - [12/Aug/2025:11:32:32 +0000] "GET /api/customers/stats/overview HTTP/1.1" 304 - "http://localhost:3000/customers" "Mozilla/5.0 (Macintosh; Intel Mac OS X 10_15_7) AppleWebKit/605.1.15 (KHTML, like Gecko) Version/18.6 Safari/605.1.15"
::1 - - [12/Aug/2025:11:32:50 +0000] "GET /api/customers?page=1&limit=10&search=&sortBy=createdAt&sortOrder=desc HTTP/1.1" 304 - "http://localhost:3000/customers" "Mozilla/5.0 (Macintosh; Intel Mac OS X 10_15_7) AppleWebKit/605.1.15 (KHTML, like Gecko) Version/18.6 Safari/605.1.15"
::1 - - [12/Aug/2025:11:32:50 +0000] "GET /api/customers?page=1&limit=10&search=&sortBy=createdAt&sortOrder=desc HTTP/1.1" 304 - "http://localhost:3000/customers" "Mozilla/5.0 (Macintosh; Intel Mac OS X 10_15_7) AppleWebKit/605.1.15 (KHTML, like Gecko) Version/18.6 Safari/605.1.15"
::1 - - [12/Aug/2025:11:32:50 +0000] "GET /api/customers/stats/overview HTTP/1.1" 304 - "http://localhost:3000/customers" "Mozilla/5.0 (Macintosh; Intel Mac OS X 10_15_7) AppleWebKit/605.1.15 (KHTML, like Gecko) Version/18.6 Safari/605.1.15"
::1 - - [12/Aug/2025:11:32:50 +0000] "GET /api/customers/stats/overview HTTP/1.1" 304 - "http://localhost:3000/customers" "Mozilla/5.0 (Macintosh; Intel Mac OS X 10_15_7) AppleWebKit/605.1.15 (KHTML, like Gecko) Version/18.6 Safari/605.1.15"
::1 - - [12/Aug/2025:11:33:00 +0000] "GET /api/customers?page=1&limit=10&search=&sortBy=createdAt&sortOrder=desc HTTP/1.1" 304 - "http://localhost:3000/customers" "Mozilla/5.0 (Macintosh; Intel Mac OS X 10_15_7) AppleWebKit/605.1.15 (KHTML, like Gecko) Version/18.6 Safari/605.1.15"
::1 - - [12/Aug/2025:11:33:00 +0000] "GET /api/customers/stats/overview HTTP/1.1" 304 - "http://localhost:3000/customers" "Mozilla/5.0 (Macintosh; Intel Mac OS X 10_15_7) AppleWebKit/605.1.15 (KHTML, like Gecko) Version/18.6 Safari/605.1.15"
::1 - - [12/Aug/2025:11:33:00 +0000] "GET /api/customers?page=1&limit=10&search=&sortBy=createdAt&sortOrder=desc HTTP/1.1" 304 - "http://localhost:3000/customers" "Mozilla/5.0 (Macintosh; Intel Mac OS X 10_15_7) AppleWebKit/605.1.15 (KHTML, like Gecko) Version/18.6 Safari/605.1.15"
::1 - - [12/Aug/2025:11:33:00 +0000] "GET /api/customers/stats/overview HTTP/1.1" 304 - "http://localhost:3000/customers" "Mozilla/5.0 (Macintosh; Intel Mac OS X 10_15_7) AppleWebKit/605.1.15 (KHTML, like Gecko) Version/18.6 Safari/605.1.15"
::1 - - [12/Aug/2025:11:33:03 +0000] "GET /api/customers?search=can&limit=5 HTTP/1.1" 304 - "http://localhost:3000/pos" "Mozilla/5.0 (Macintosh; Intel Mac OS X 10_15_7) AppleWebKit/605.1.15 (KHTML, like Gecko) Version/18.6 Safari/605.1.15"
::1 - - [12/Aug/2025:11:33:06 +0000] "GET /api/products/search/pos?search=don&limit=50 HTTP/1.1" 304 - "http://localhost:3000/pos" "Mozilla/5.0 (Macintosh; Intel Mac OS X 10_15_7) AppleWebKit/605.1.15 (KHTML, like Gecko) Version/18.6 Safari/605.1.15"
::1 - - [12/Aug/2025:11:33:06 +0000] "GET /api/products/search/pos?search=don&limit=50 HTTP/1.1" 304 - "http://localhost:3000/pos" "Mozilla/5.0 (Macintosh; Intel Mac OS X 10_15_7) AppleWebKit/605.1.15 (KHTML, like Gecko) Version/18.6 Safari/605.1.15"
::1 - - [12/Aug/2025:11:33:08 +0000] "GET /api/customers?page=1&limit=10&search=&sortBy=createdAt&sortOrder=desc HTTP/1.1" 304 - "http://localhost:3000/customers" "Mozilla/5.0 (Macintosh; Intel Mac OS X 10_15_7) AppleWebKit/605.1.15 (KHTML, like Gecko) Version/18.6 Safari/605.1.15"
::1 - - [12/Aug/2025:11:33:08 +0000] "GET /api/customers/stats/overview HTTP/1.1" 304 - "http://localhost:3000/customers" "Mozilla/5.0 (Macintosh; Intel Mac OS X 10_15_7) AppleWebKit/605.1.15 (KHTML, like Gecko) Version/18.6 Safari/605.1.15"
::1 - - [12/Aug/2025:11:33:09 +0000] "GET /api/customers?page=1&limit=10&search=&sortBy=createdAt&sortOrder=desc HTTP/1.1" 304 - "http://localhost:3000/customers" "Mozilla/5.0 (Macintosh; Intel Mac OS X 10_15_7) AppleWebKit/605.1.15 (KHTML, like Gecko) Version/18.6 Safari/605.1.15"
::1 - - [12/Aug/2025:11:33:09 +0000] "GET /api/customers/stats/overview HTTP/1.1" 304 - "http://localhost:3000/customers" "Mozilla/5.0 (Macintosh; Intel Mac OS X 10_15_7) AppleWebKit/605.1.15 (KHTML, like Gecko) Version/18.6 Safari/605.1.15"
::1 - - [12/Aug/2025:11:33:10 +0000] "GET /api/customers/2 HTTP/1.1" 200 492 "http://localhost:3000/customers/2" "Mozilla/5.0 (Macintosh; Intel Mac OS X 10_15_7) AppleWebKit/605.1.15 (KHTML, like Gecko) Version/18.6 Safari/605.1.15"
::1 - - [12/Aug/2025:11:33:10 +0000] "GET /api/balance/customer/2?limit=50 HTTP/1.1" 200 1787 "http://localhost:3000/customers/2" "Mozilla/5.0 (Macintosh; Intel Mac OS X 10_15_7) AppleWebKit/605.1.15 (KHTML, like Gecko) Version/18.6 Safari/605.1.15"
::1 - - [12/Aug/2025:11:33:12 +0000] "GET /api/sales/8 HTTP/1.1" 200 508 "http://localhost:3000/customers/2" "Mozilla/5.0 (Macintosh; Intel Mac OS X 10_15_7) AppleWebKit/605.1.15 (KHTML, like Gecko) Version/18.6 Safari/605.1.15"
::1 - - [12/Aug/2025:11:33:13 +0000] "GET /api/sales/8 HTTP/1.1" 304 - "http://localhost:3000/customers/2" "Mozilla/5.0 (Macintosh; Intel Mac OS X 10_15_7) AppleWebKit/605.1.15 (KHTML, like Gecko) Version/18.6 Safari/605.1.15"
::1 - - [12/Aug/2025:11:33:36 +0000] "GET /manifest.json HTTP/1.1" 304 - "http://localhost:3000/" "Mozilla/5.0 (Macintosh; Intel Mac OS X 10_15_7) AppleWebKit/605.1.15 (KHTML, like Gecko) Version/18.6 Safari/605.1.15"
::1 - - [12/Aug/2025:11:33:36 +0000] "GET /api/auth/me HTTP/1.1" 304 - "http://localhost:3000/" "Mozilla/5.0 (Macintosh; Intel Mac OS X 10_15_7) AppleWebKit/605.1.15 (KHTML, like Gecko) Version/18.6 Safari/605.1.15"
::1 - - [12/Aug/2025:11:33:36 +0000] "GET /api/customers/stats/overview HTTP/1.1" 304 - "http://localhost:3000/" "Mozilla/5.0 (Macintosh; Intel Mac OS X 10_15_7) AppleWebKit/605.1.15 (KHTML, like Gecko) Version/18.6 Safari/605.1.15"
::1 - - [12/Aug/2025:11:33:36 +0000] "GET /api/balance/stats/overview HTTP/1.1" 304 - "http://localhost:3000/" "Mozilla/5.0 (Macintosh; Intel Mac OS X 10_15_7) AppleWebKit/605.1.15 (KHTML, like Gecko) Version/18.6 Safari/605.1.15"
::1 - - [12/Aug/2025:11:33:36 +0000] "GET /api/sales/stats/overview HTTP/1.1" 304 - "http://localhost:3000/" "Mozilla/5.0 (Macintosh; Intel Mac OS X 10_15_7) AppleWebKit/605.1.15 (KHTML, like Gecko) Version/18.6 Safari/605.1.15"
::1 - - [12/Aug/2025:11:33:36 +0000] "GET /api/balance/recent?limit=5 HTTP/1.1" 304 - "http://localhost:3000/" "Mozilla/5.0 (Macintosh; Intel Mac OS X 10_15_7) AppleWebKit/605.1.15 (KHTML, like Gecko) Version/18.6 Safari/605.1.15"
::1 - - [12/Aug/2025:11:33:36 +0000] "GET /api/products/low-stock HTTP/1.1" 404 79 "http://localhost:3000/" "Mozilla/5.0 (Macintosh; Intel Mac OS X 10_15_7) AppleWebKit/605.1.15 (KHTML, like Gecko) Version/18.6 Safari/605.1.15"
::1 - - [12/Aug/2025:11:33:38 +0000] "GET /api/customers/stats/overview HTTP/1.1" 304 - "http://localhost:3000/" "Mozilla/5.0 (Macintosh; Intel Mac OS X 10_15_7) AppleWebKit/605.1.15 (KHTML, like Gecko) Version/18.6 Safari/605.1.15"
::1 - - [12/Aug/2025:11:33:38 +0000] "GET /api/customers/stats/overview HTTP/1.1" 304 - "http://localhost:3000/" "Mozilla/5.0 (Macintosh; Intel Mac OS X 10_15_7) AppleWebKit/605.1.15 (KHTML, like Gecko) Version/18.6 Safari/605.1.15"
::1 - - [12/Aug/2025:11:33:38 +0000] "GET /api/balance/stats/overview HTTP/1.1" 304 - "http://localhost:3000/" "Mozilla/5.0 (Macintosh; Intel Mac OS X 10_15_7) AppleWebKit/605.1.15 (KHTML, like Gecko) Version/18.6 Safari/605.1.15"
::1 - - [12/Aug/2025:11:33:38 +0000] "GET /api/balance/stats/overview HTTP/1.1" 304 - "http://localhost:3000/" "Mozilla/5.0 (Macintosh; Intel Mac OS X 10_15_7) AppleWebKit/605.1.15 (KHTML, like Gecko) Version/18.6 Safari/605.1.15"
::1 - - [12/Aug/2025:11:33:38 +0000] "GET /api/sales/stats/overview HTTP/1.1" 304 - "http://localhost:3000/" "Mozilla/5.0 (Macintosh; Intel Mac OS X 10_15_7) AppleWebKit/605.1.15 (KHTML, like Gecko) Version/18.6 Safari/605.1.15"
::1 - - [12/Aug/2025:11:33:38 +0000] "GET /api/sales/stats/overview HTTP/1.1" 304 - "http://localhost:3000/" "Mozilla/5.0 (Macintosh; Intel Mac OS X 10_15_7) AppleWebKit/605.1.15 (KHTML, like Gecko) Version/18.6 Safari/605.1.15"
::1 - - [12/Aug/2025:11:33:38 +0000] "GET /api/balance/recent?limit=5 HTTP/1.1" 304 - "http://localhost:3000/" "Mozilla/5.0 (Macintosh; Intel Mac OS X 10_15_7) AppleWebKit/605.1.15 (KHTML, like Gecko) Version/18.6 Safari/605.1.15"
::1 - - [12/Aug/2025:11:33:38 +0000] "GET /api/balance/recent?limit=5 HTTP/1.1" 304 - "http://localhost:3000/" "Mozilla/5.0 (Macintosh; Intel Mac OS X 10_15_7) AppleWebKit/605.1.15 (KHTML, like Gecko) Version/18.6 Safari/605.1.15"
::1 - - [12/Aug/2025:11:33:38 +0000] "GET /api/products/low-stock HTTP/1.1" 404 79 "http://localhost:3000/" "Mozilla/5.0 (Macintosh; Intel Mac OS X 10_15_7) AppleWebKit/605.1.15 (KHTML, like Gecko) Version/18.6 Safari/605.1.15"
::1 - - [12/Aug/2025:11:33:38 +0000] "GET /api/products/low-stock HTTP/1.1" 404 79 "http://localhost:3000/" "Mozilla/5.0 (Macintosh; Intel Mac OS X 10_15_7) AppleWebKit/605.1.15 (KHTML, like Gecko) Version/18.6 Safari/605.1.15"
::1 - - [12/Aug/2025:11:33:38 +0000] "GET /api/customers?page=1&limit=10&search=&sortBy=createdAt&sortOrder=desc HTTP/1.1" 304 - "http://localhost:3000/customers" "Mozilla/5.0 (Macintosh; Intel Mac OS X 10_15_7) AppleWebKit/605.1.15 (KHTML, like Gecko) Version/18.6 Safari/605.1.15"
::1 - - [12/Aug/2025:11:33:38 +0000] "GET /api/customers/stats/overview HTTP/1.1" 304 - "http://localhost:3000/customers" "Mozilla/5.0 (Macintosh; Intel Mac OS X 10_15_7) AppleWebKit/605.1.15 (KHTML, like Gecko) Version/18.6 Safari/605.1.15"
::1 - - [12/Aug/2025:11:33:38 +0000] "GET /api/customers/stats/overview HTTP/1.1" 304 - "http://localhost:3000/customers" "Mozilla/5.0 (Macintosh; Intel Mac OS X 10_15_7) AppleWebKit/605.1.15 (KHTML, like Gecko) Version/18.6 Safari/605.1.15"
::1 - - [12/Aug/2025:11:33:41 +0000] "GET /api/customers/2 HTTP/1.1" 304 - "http://localhost:3000/customers/2" "Mozilla/5.0 (Macintosh; Intel Mac OS X 10_15_7) AppleWebKit/605.1.15 (KHTML, like Gecko) Version/18.6 Safari/605.1.15"
::1 - - [12/Aug/2025:11:33:41 +0000] "GET /api/balance/customer/2?limit=50 HTTP/1.1" 304 - "http://localhost:3000/customers/2" "Mozilla/5.0 (Macintosh; Intel Mac OS X 10_15_7) AppleWebKit/605.1.15 (KHTML, like Gecko) Version/18.6 Safari/605.1.15"
::1 - - [12/Aug/2025:11:33:42 +0000] "GET /api/sales/8 HTTP/1.1" 304 - "http://localhost:3000/customers/2" "Mozilla/5.0 (Macintosh; Intel Mac OS X 10_15_7) AppleWebKit/605.1.15 (KHTML, like Gecko) Version/18.6 Safari/605.1.15"
::1 - - [12/Aug/2025:11:34:15 +0000] "GET /api/sales/8 HTTP/1.1" 304 - "http://localhost:3000/customers/2" "Mozilla/5.0 (Macintosh; Intel Mac OS X 10_15_7) AppleWebKit/605.1.15 (KHTML, like Gecko) Version/18.6 Safari/605.1.15"
::1 - - [12/Aug/2025:11:34:15 +0000] "GET /api/sales/8 HTTP/1.1" 304 - "http://localhost:3000/customers/2" "Mozilla/5.0 (Macintosh; Intel Mac OS X 10_15_7) AppleWebKit/605.1.15 (KHTML, like Gecko) Version/18.6 Safari/605.1.15"
::1 - - [12/Aug/2025:11:34:16 +0000] "GET /api/sales/8 HTTP/1.1" 304 - "http://localhost:3000/customers/2" "Mozilla/5.0 (Macintosh; Intel Mac OS X 10_15_7) AppleWebKit/605.1.15 (KHTML, like Gecko) Version/18.6 Safari/605.1.15"
::1 - - [12/Aug/2025:11:34:25 +0000] "GET /api/sales/8 HTTP/1.1" 304 - "http://localhost:3000/customers/2" "Mozilla/5.0 (Macintosh; Intel Mac OS X 10_15_7) AppleWebKit/605.1.15 (KHTML, like Gecko) Version/18.6 Safari/605.1.15"
::1 - - [12/Aug/2025:11:36:31 +0000] "GET /api/sales/8 HTTP/1.1" 304 - "http://localhost:3000/customers/2" "Mozilla/5.0 (Macintosh; Intel Mac OS X 10_15_7) AppleWebKit/605.1.15 (KHTML, like Gecko) Version/18.6 Safari/605.1.15"
::1 - - [12/Aug/2025:11:36:31 +0000] "GET /api/sales/8 HTTP/1.1" 304 - "http://localhost:3000/customers/2" "Mozilla/5.0 (Macintosh; Intel Mac OS X 10_15_7) AppleWebKit/605.1.15 (KHTML, like Gecko) Version/18.6 Safari/605.1.15"
::1 - - [12/Aug/2025:11:36:45 +0000] "GET /api/customers/2 HTTP/1.1" 304 - "http://localhost:3000/customers/2" "Mozilla/5.0 (Macintosh; Intel Mac OS X 10_15_7) AppleWebKit/605.1.15 (KHTML, like Gecko) Version/18.6 Safari/605.1.15"
::1 - - [12/Aug/2025:11:36:45 +0000] "GET /api/balance/customer/2?limit=50 HTTP/1.1" 304 - "http://localhost:3000/customers/2" "Mozilla/5.0 (Macintosh; Intel Mac OS X 10_15_7) AppleWebKit/605.1.15 (KHTML, like Gecko) Version/18.6 Safari/605.1.15"
::1 - - [12/Aug/2025:11:37:07 +0000] "GET /api/sales/8 HTTP/1.1" 304 - "http://localhost:3000/customers/2" "Mozilla/5.0 (Macintosh; Intel Mac OS X 10_15_7) AppleWebKit/605.1.15 (KHTML, like Gecko) Version/18.6 Safari/605.1.15"
::1 - - [12/Aug/2025:11:37:37 +0000] "GET /api/sales/8 HTTP/1.1" 304 - "http://localhost:3000/customers/2" "Mozilla/5.0 (Macintosh; Intel Mac OS X 10_15_7) AppleWebKit/605.1.15 (KHTML, like Gecko) Version/18.6 Safari/605.1.15"
::1 - - [12/Aug/2025:11:37:44 +0000] "GET /api/products?page=1&limit=10&search=&category=&season=&lowStock=false HTTP/1.1" 200 1055 "http://localhost:3000/inventory" "Mozilla/5.0 (Macintosh; Intel Mac OS X 10_15_7) AppleWebKit/605.1.15 (KHTML, like Gecko) Version/18.6 Safari/605.1.15"
::1 - - [12/Aug/2025:11:37:44 +0000] "GET /api/products/filters/options HTTP/1.1" 200 91 "http://localhost:3000/inventory" "Mozilla/5.0 (Macintosh; Intel Mac OS X 10_15_7) AppleWebKit/605.1.15 (KHTML, like Gecko) Version/18.6 Safari/605.1.15"
::1 - - [12/Aug/2025:11:37:44 +0000] "GET /api/categories HTTP/1.1" 200 395 "http://localhost:3000/inventory" "Mozilla/5.0 (Macintosh; Intel Mac OS X 10_15_7) AppleWebKit/605.1.15 (KHTML, like Gecko) Version/18.6 Safari/605.1.15"
::1 - - [12/Aug/2025:11:37:45 +0000] "GET /api/customers?page=1&limit=10&search=&sortBy=createdAt&sortOrder=desc HTTP/1.1" 304 - "http://localhost:3000/customers" "Mozilla/5.0 (Macintosh; Intel Mac OS X 10_15_7) AppleWebKit/605.1.15 (KHTML, like Gecko) Version/18.6 Safari/605.1.15"
::1 - - [12/Aug/2025:11:37:45 +0000] "GET /api/customers/stats/overview HTTP/1.1" 304 - "http://localhost:3000/customers" "Mozilla/5.0 (Macintosh; Intel Mac OS X 10_15_7) AppleWebKit/605.1.15 (KHTML, like Gecko) Version/18.6 Safari/605.1.15"
::1 - - [12/Aug/2025:11:37:45 +0000] "GET /api/customers?page=1&limit=10&search=&sortBy=createdAt&sortOrder=desc HTTP/1.1" 304 - "http://localhost:3000/customers" "Mozilla/5.0 (Macintosh; Intel Mac OS X 10_15_7) AppleWebKit/605.1.15 (KHTML, like Gecko) Version/18.6 Safari/605.1.15"
::1 - - [12/Aug/2025:11:37:45 +0000] "GET /api/customers/stats/overview HTTP/1.1" 304 - "http://localhost:3000/customers" "Mozilla/5.0 (Macintosh; Intel Mac OS X 10_15_7) AppleWebKit/605.1.15 (KHTML, like Gecko) Version/18.6 Safari/605.1.15"
::1 - - [12/Aug/2025:11:37:46 +0000] "GET /api/products?page=1&limit=10&search=&category=&season=&lowStock=false HTTP/1.1" 304 - "http://localhost:3000/inventory" "Mozilla/5.0 (Macintosh; Intel Mac OS X 10_15_7) AppleWebKit/605.1.15 (KHTML, like Gecko) Version/18.6 Safari/605.1.15"
::1 - - [12/Aug/2025:11:37:46 +0000] "GET /api/products/filters/options HTTP/1.1" 304 - "http://localhost:3000/inventory" "Mozilla/5.0 (Macintosh; Intel Mac OS X 10_15_7) AppleWebKit/605.1.15 (KHTML, like Gecko) Version/18.6 Safari/605.1.15"
::1 - - [12/Aug/2025:11:37:46 +0000] "GET /api/categories HTTP/1.1" 304 - "http://localhost:3000/inventory" "Mozilla/5.0 (Macintosh; Intel Mac OS X 10_15_7) AppleWebKit/605.1.15 (KHTML, like Gecko) Version/18.6 Safari/605.1.15"
::1 - - [12/Aug/2025:11:37:46 +0000] "GET /api/categories HTTP/1.1" 304 - "http://localhost:3000/inventory" "Mozilla/5.0 (Macintosh; Intel Mac OS X 10_15_7) AppleWebKit/605.1.15 (KHTML, like Gecko) Version/18.6 Safari/605.1.15"
::1 - - [12/Aug/2025:11:37:46 +0000] "GET /api/products?page=1&limit=10&search=&category=&season=&lowStock=false HTTP/1.1" 304 - "http://localhost:3000/inventory" "Mozilla/5.0 (Macintosh; Intel Mac OS X 10_15_7) AppleWebKit/605.1.15 (KHTML, like Gecko) Version/18.6 Safari/605.1.15"
::1 - - [12/Aug/2025:11:37:46 +0000] "GET /api/products/filters/options HTTP/1.1" 304 - "http://localhost:3000/inventory" "Mozilla/5.0 (Macintosh; Intel Mac OS X 10_15_7) AppleWebKit/605.1.15 (KHTML, like Gecko) Version/18.6 Safari/605.1.15"
::1 - - [12/Aug/2025:11:37:53 +0000] "GET /api/customers/stats/overview HTTP/1.1" 304 - "http://localhost:3000/" "Mozilla/5.0 (Macintosh; Intel Mac OS X 10_15_7) AppleWebKit/605.1.15 (KHTML, like Gecko) Version/18.6 Safari/605.1.15"
::1 - - [12/Aug/2025:11:37:53 +0000] "GET /api/customers/stats/overview HTTP/1.1" 304 - "http://localhost:3000/" "Mozilla/5.0 (Macintosh; Intel Mac OS X 10_15_7) AppleWebKit/605.1.15 (KHTML, like Gecko) Version/18.6 Safari/605.1.15"
::1 - - [12/Aug/2025:11:37:53 +0000] "GET /api/balance/stats/overview HTTP/1.1" 304 - "http://localhost:3000/" "Mozilla/5.0 (Macintosh; Intel Mac OS X 10_15_7) AppleWebKit/605.1.15 (KHTML, like Gecko) Version/18.6 Safari/605.1.15"
::1 - - [12/Aug/2025:11:37:53 +0000] "GET /api/balance/stats/overview HTTP/1.1" 304 - "http://localhost:3000/" "Mozilla/5.0 (Macintosh; Intel Mac OS X 10_15_7) AppleWebKit/605.1.15 (KHTML, like Gecko) Version/18.6 Safari/605.1.15"
::1 - - [12/Aug/2025:11:37:53 +0000] "GET /api/sales/stats/overview HTTP/1.1" 304 - "http://localhost:3000/" "Mozilla/5.0 (Macintosh; Intel Mac OS X 10_15_7) AppleWebKit/605.1.15 (KHTML, like Gecko) Version/18.6 Safari/605.1.15"
::1 - - [12/Aug/2025:11:37:53 +0000] "GET /api/sales/stats/overview HTTP/1.1" 304 - "http://localhost:3000/" "Mozilla/5.0 (Macintosh; Intel Mac OS X 10_15_7) AppleWebKit/605.1.15 (KHTML, like Gecko) Version/18.6 Safari/605.1.15"
::1 - - [12/Aug/2025:11:37:53 +0000] "GET /api/balance/recent?limit=5 HTTP/1.1" 304 - "http://localhost:3000/" "Mozilla/5.0 (Macintosh; Intel Mac OS X 10_15_7) AppleWebKit/605.1.15 (KHTML, like Gecko) Version/18.6 Safari/605.1.15"
::1 - - [12/Aug/2025:11:37:53 +0000] "GET /api/balance/recent?limit=5 HTTP/1.1" 304 - "http://localhost:3000/" "Mozilla/5.0 (Macintosh; Intel Mac OS X 10_15_7) AppleWebKit/605.1.15 (KHTML, like Gecko) Version/18.6 Safari/605.1.15"
::1 - - [12/Aug/2025:11:37:53 +0000] "GET /api/products/low-stock HTTP/1.1" 404 79 "http://localhost:3000/" "Mozilla/5.0 (Macintosh; Intel Mac OS X 10_15_7) AppleWebKit/605.1.15 (KHTML, like Gecko) Version/18.6 Safari/605.1.15"
::1 - - [12/Aug/2025:11:37:53 +0000] "GET /api/products/low-stock HTTP/1.1" 404 79 "http://localhost:3000/" "Mozilla/5.0 (Macintosh; Intel Mac OS X 10_15_7) AppleWebKit/605.1.15 (KHTML, like Gecko) Version/18.6 Safari/605.1.15"
::1 - - [12/Aug/2025:11:37:54 +0000] "GET /api/categories HTTP/1.1" 304 - "http://localhost:3000/settings" "Mozilla/5.0 (Macintosh; Intel Mac OS X 10_15_7) AppleWebKit/605.1.15 (KHTML, like Gecko) Version/18.6 Safari/605.1.15"
::1 - - [12/Aug/2025:11:37:54 +0000] "GET /api/categories HTTP/1.1" 304 - "http://localhost:3000/settings" "Mozilla/5.0 (Macintosh; Intel Mac OS X 10_15_7) AppleWebKit/605.1.15 (KHTML, like Gecko) Version/18.6 Safari/605.1.15"
::1 - - [12/Aug/2025:11:38:00 +0000] "POST /api/categories HTTP/1.1" 201 242 "http://localhost:3000/settings" "Mozilla/5.0 (Macintosh; Intel Mac OS X 10_15_7) AppleWebKit/605.1.15 (KHTML, like Gecko) Version/18.6 Safari/605.1.15"
::1 - - [12/Aug/2025:11:38:00 +0000] "GET /api/categories HTTP/1.1" 200 579 "http://localhost:3000/settings" "Mozilla/5.0 (Macintosh; Intel Mac OS X 10_15_7) AppleWebKit/605.1.15 (KHTML, like Gecko) Version/18.6 Safari/605.1.15"
::1 - - [12/Aug/2025:11:38:05 +0000] "PUT /api/categories/3 HTTP/1.1" 200 244 "http://localhost:3000/settings" "Mozilla/5.0 (Macintosh; Intel Mac OS X 10_15_7) AppleWebKit/605.1.15 (KHTML, like Gecko) Version/18.6 Safari/605.1.15"
::1 - - [12/Aug/2025:11:38:05 +0000] "GET /api/categories HTTP/1.1" 200 579 "http://localhost:3000/settings" "Mozilla/5.0 (Macintosh; Intel Mac OS X 10_15_7) AppleWebKit/605.1.15 (KHTML, like Gecko) Version/18.6 Safari/605.1.15"
::1 - - [12/Aug/2025:11:38:07 +0000] "GET /api/products?page=1&limit=10&search=&category=&season=&lowStock=false HTTP/1.1" 304 - "http://localhost:3000/inventory" "Mozilla/5.0 (Macintosh; Intel Mac OS X 10_15_7) AppleWebKit/605.1.15 (KHTML, like Gecko) Version/18.6 Safari/605.1.15"
::1 - - [12/Aug/2025:11:38:07 +0000] "GET /api/products/filters/options HTTP/1.1" 304 - "http://localhost:3000/inventory" "Mozilla/5.0 (Macintosh; Intel Mac OS X 10_15_7) AppleWebKit/605.1.15 (KHTML, like Gecko) Version/18.6 Safari/605.1.15"
::1 - - [12/Aug/2025:11:38:07 +0000] "GET /api/categories HTTP/1.1" 304 - "http://localhost:3000/inventory" "Mozilla/5.0 (Macintosh; Intel Mac OS X 10_15_7) AppleWebKit/605.1.15 (KHTML, like Gecko) Version/18.6 Safari/605.1.15"
::1 - - [12/Aug/2025:11:38:07 +0000] "GET /api/products?page=1&limit=10&search=&category=&season=&lowStock=false HTTP/1.1" 304 - "http://localhost:3000/inventory" "Mozilla/5.0 (Macintosh; Intel Mac OS X 10_15_7) AppleWebKit/605.1.15 (KHTML, like Gecko) Version/18.6 Safari/605.1.15"
::1 - - [12/Aug/2025:11:38:07 +0000] "GET /api/products/filters/options HTTP/1.1" 304 - "http://localhost:3000/inventory" "Mozilla/5.0 (Macintosh; Intel Mac OS X 10_15_7) AppleWebKit/605.1.15 (KHTML, like Gecko) Version/18.6 Safari/605.1.15"
🎯 Barkod öneri endpoint'ine istek geldi: { category: 'ceket' }
📋 Seçilen kategori: ceket
🔄 Barkod önerisi oluşturuluyor...
Kategori kodları yüklendi: { 'tişört': '01', don: '02', ceket: '03' }
✅ Barkod önerisi sonucu: {
  success: true,
  barcode: '8681000300011',
  category: 'ceket',
  categoryCode: '03',
  description: 'ceket kategorisi için önerilen benzersiz barkod',
  formatted: '868 1000 30001 1'
}
::1 - - [12/Aug/2025:11:38:13 +0000] "POST /api/products/suggest-barcode HTTP/1.1" 200 243 "http://localhost:3000/inventory" "Mozilla/5.0 (Macintosh; Intel Mac OS X 10_15_7) AppleWebKit/605.1.15 (KHTML, like Gecko) Version/18.6 Safari/605.1.15"
🎯 Barkod öneri endpoint'ine istek geldi: { category: 'ceket' }
📋 Seçilen kategori: ceket
🔄 Barkod önerisi oluşturuluyor...
✅ Barkod önerisi sonucu: {
  success: true,
  barcode: '8681000300028',
  category: 'ceket',
  categoryCode: '03',
  description: 'ceket kategorisi için önerilen benzersiz barkod',
  formatted: '868 1000 30002 8'
}
::1 - - [12/Aug/2025:11:38:13 +0000] "POST /api/products/suggest-barcode HTTP/1.1" 200 243 "http://localhost:3000/inventory" "Mozilla/5.0 (Macintosh; Intel Mac OS X 10_15_7) AppleWebKit/605.1.15 (KHTML, like Gecko) Version/18.6 Safari/605.1.15"
🎯 Barkod öneri endpoint'ine istek geldi: { category: 'ceket' }
📋 Seçilen kategori: ceket
🔄 Barkod önerisi oluşturuluyor...
✅ Barkod önerisi sonucu: {
  success: true,
  barcode: '8681000300035',
  category: 'ceket',
  categoryCode: '03',
  description: 'ceket kategorisi için önerilen benzersiz barkod',
  formatted: '868 1000 30003 5'
}
::1 - - [12/Aug/2025:11:38:14 +0000] "POST /api/products/suggest-barcode HTTP/1.1" 200 243 "http://localhost:3000/inventory" "Mozilla/5.0 (Macintosh; Intel Mac OS X 10_15_7) AppleWebKit/605.1.15 (KHTML, like Gecko) Version/18.6 Safari/605.1.15"
::1 - - [12/Aug/2025:11:38:23 +0000] "POST /api/products HTTP/1.1" 201 373 "http://localhost:3000/inventory" "Mozilla/5.0 (Macintosh; Intel Mac OS X 10_15_7) AppleWebKit/605.1.15 (KHTML, like Gecko) Version/18.6 Safari/605.1.15"
::1 - - [12/Aug/2025:11:38:23 +0000] "GET /api/products?page=1&limit=10&search=&category=&season=&lowStock=false HTTP/1.1" 200 1367 "http://localhost:3000/inventory" "Mozilla/5.0 (Macintosh; Intel Mac OS X 10_15_7) AppleWebKit/605.1.15 (KHTML, like Gecko) Version/18.6 Safari/605.1.15"
::1 - - [12/Aug/2025:11:38:23 +0000] "GET /api/products/filters/options HTTP/1.1" 200 107 "http://localhost:3000/inventory" "Mozilla/5.0 (Macintosh; Intel Mac OS X 10_15_7) AppleWebKit/605.1.15 (KHTML, like Gecko) Version/18.6 Safari/605.1.15"
::1 - - [12/Aug/2025:11:38:26 +0000] "GET /api/customers?search=can&limit=5 HTTP/1.1" 304 - "http://localhost:3000/pos" "Mozilla/5.0 (Macintosh; Intel Mac OS X 10_15_7) AppleWebKit/605.1.15 (KHTML, like Gecko) Version/18.6 Safari/605.1.15"
::1 - - [12/Aug/2025:11:38:29 +0000] "GET /api/products/search/pos?search=ceke&limit=50 HTTP/1.1" 200 336 "http://localhost:3000/pos" "Mozilla/5.0 (Macintosh; Intel Mac OS X 10_15_7) AppleWebKit/605.1.15 (KHTML, like Gecko) Version/18.6 Safari/605.1.15"
::1 - - [12/Aug/2025:11:38:34 +0000] "POST /api/sales HTTP/1.1" 201 96 "http://localhost:3000/pos" "Mozilla/5.0 (Macintosh; Intel Mac OS X 10_15_7) AppleWebKit/605.1.15 (KHTML, like Gecko) Version/18.6 Safari/605.1.15"
::1 - - [12/Aug/2025:11:39:36 +0000] "GET /api/customers/stats/overview HTTP/1.1" 200 58 "http://localhost:3000/" "Mozilla/5.0 (Macintosh; Intel Mac OS X 10_15_7) AppleWebKit/605.1.15 (KHTML, like Gecko) Version/18.6 Safari/605.1.15"
::1 - - [12/Aug/2025:11:39:36 +0000] "GET /api/customers/stats/overview HTTP/1.1" 200 58 "http://localhost:3000/" "Mozilla/5.0 (Macintosh; Intel Mac OS X 10_15_7) AppleWebKit/605.1.15 (KHTML, like Gecko) Version/18.6 Safari/605.1.15"
::1 - - [12/Aug/2025:11:39:36 +0000] "GET /api/balance/stats/overview HTTP/1.1" 200 176 "http://localhost:3000/" "Mozilla/5.0 (Macintosh; Intel Mac OS X 10_15_7) AppleWebKit/605.1.15 (KHTML, like Gecko) Version/18.6 Safari/605.1.15"
::1 - - [12/Aug/2025:11:39:36 +0000] "GET /api/balance/stats/overview HTTP/1.1" 200 176 "http://localhost:3000/" "Mozilla/5.0 (Macintosh; Intel Mac OS X 10_15_7) AppleWebKit/605.1.15 (KHTML, like Gecko) Version/18.6 Safari/605.1.15"
::1 - - [12/Aug/2025:11:39:36 +0000] "GET /api/sales/stats/overview HTTP/1.1" 200 86 "http://localhost:3000/" "Mozilla/5.0 (Macintosh; Intel Mac OS X 10_15_7) AppleWebKit/605.1.15 (KHTML, like Gecko) Version/18.6 Safari/605.1.15"
::1 - - [12/Aug/2025:11:39:36 +0000] "GET /api/sales/stats/overview HTTP/1.1" 200 86 "http://localhost:3000/" "Mozilla/5.0 (Macintosh; Intel Mac OS X 10_15_7) AppleWebKit/605.1.15 (KHTML, like Gecko) Version/18.6 Safari/605.1.15"
::1 - - [12/Aug/2025:11:39:36 +0000] "GET /api/balance/recent?limit=5 HTTP/1.1" 200 2013 "http://localhost:3000/" "Mozilla/5.0 (Macintosh; Intel Mac OS X 10_15_7) AppleWebKit/605.1.15 (KHTML, like Gecko) Version/18.6 Safari/605.1.15"
::1 - - [12/Aug/2025:11:39:36 +0000] "GET /api/balance/recent?limit=5 HTTP/1.1" 200 2013 "http://localhost:3000/" "Mozilla/5.0 (Macintosh; Intel Mac OS X 10_15_7) AppleWebKit/605.1.15 (KHTML, like Gecko) Version/18.6 Safari/605.1.15"
::1 - - [12/Aug/2025:11:39:36 +0000] "GET /api/products/low-stock HTTP/1.1" 404 79 "http://localhost:3000/" "Mozilla/5.0 (Macintosh; Intel Mac OS X 10_15_7) AppleWebKit/605.1.15 (KHTML, like Gecko) Version/18.6 Safari/605.1.15"
::1 - - [12/Aug/2025:11:39:36 +0000] "GET /api/products/low-stock HTTP/1.1" 404 79 "http://localhost:3000/" "Mozilla/5.0 (Macintosh; Intel Mac OS X 10_15_7) AppleWebKit/605.1.15 (KHTML, like Gecko) Version/18.6 Safari/605.1.15"
::1 - - [12/Aug/2025:11:40:57 +0000] "GET /api/customers/stats/overview HTTP/1.1" 304 - "http://localhost:3000/" "Mozilla/5.0 (Macintosh; Intel Mac OS X 10_15_7) AppleWebKit/605.1.15 (KHTML, like Gecko) Version/18.6 Safari/605.1.15"
::1 - - [12/Aug/2025:11:40:57 +0000] "GET /api/balance/stats/overview HTTP/1.1" 304 - "http://localhost:3000/" "Mozilla/5.0 (Macintosh; Intel Mac OS X 10_15_7) AppleWebKit/605.1.15 (KHTML, like Gecko) Version/18.6 Safari/605.1.15"
::1 - - [12/Aug/2025:11:40:57 +0000] "GET /api/sales/stats/overview HTTP/1.1" 304 - "http://localhost:3000/" "Mozilla/5.0 (Macintosh; Intel Mac OS X 10_15_7) AppleWebKit/605.1.15 (KHTML, like Gecko) Version/18.6 Safari/605.1.15"
::1 - - [12/Aug/2025:11:40:57 +0000] "GET /api/balance/recent?limit=5 HTTP/1.1" 304 - "http://localhost:3000/" "Mozilla/5.0 (Macintosh; Intel Mac OS X 10_15_7) AppleWebKit/605.1.15 (KHTML, like Gecko) Version/18.6 Safari/605.1.15"
::1 - - [12/Aug/2025:11:40:57 +0000] "GET /api/products/low-stock HTTP/1.1" 404 79 "http://localhost:3000/" "Mozilla/5.0 (Macintosh; Intel Mac OS X 10_15_7) AppleWebKit/605.1.15 (KHTML, like Gecko) Version/18.6 Safari/605.1.15"
::1 - - [12/Aug/2025:11:41:01 +0000] "GET /api/customers?search=can&limit=5 HTTP/1.1" 200 702 "http://localhost:3000/pos" "Mozilla/5.0 (Macintosh; Intel Mac OS X 10_15_7) AppleWebKit/605.1.15 (KHTML, like Gecko) Version/18.6 Safari/605.1.15"
::1 - - [12/Aug/2025:11:41:03 +0000] "GET /api/products/search/pos?search=ceke&limit=50 HTTP/1.1" 200 335 "http://localhost:3000/pos" "Mozilla/5.0 (Macintosh; Intel Mac OS X 10_15_7) AppleWebKit/605.1.15 (KHTML, like Gecko) Version/18.6 Safari/605.1.15"
::1 - - [12/Aug/2025:11:41:08 +0000] "GET /api/customers?page=1&limit=10&search=&sortBy=createdAt&sortOrder=desc HTTP/1.1" 200 1278 "http://localhost:3000/customers" "Mozilla/5.0 (Macintosh; Intel Mac OS X 10_15_7) AppleWebKit/605.1.15 (KHTML, like Gecko) Version/18.6 Safari/605.1.15"
::1 - - [12/Aug/2025:11:41:08 +0000] "GET /api/customers/stats/overview HTTP/1.1" 304 - "http://localhost:3000/customers" "Mozilla/5.0 (Macintosh; Intel Mac OS X 10_15_7) AppleWebKit/605.1.15 (KHTML, like Gecko) Version/18.6 Safari/605.1.15"
::1 - - [12/Aug/2025:11:41:08 +0000] "GET /api/customers/stats/overview HTTP/1.1" 304 - "http://localhost:3000/customers" "Mozilla/5.0 (Macintosh; Intel Mac OS X 10_15_7) AppleWebKit/605.1.15 (KHTML, like Gecko) Version/18.6 Safari/605.1.15"
::1 - - [12/Aug/2025:11:41:13 +0000] "GET /manifest.json HTTP/1.1" 304 - "http://localhost:3000/pos" "Mozilla/5.0 (Macintosh; Intel Mac OS X 10_15_7) AppleWebKit/605.1.15 (KHTML, like Gecko) Version/18.6 Safari/605.1.15"
::1 - - [12/Aug/2025:11:41:14 +0000] "GET /api/auth/me HTTP/1.1" 304 - "http://localhost:3000/pos" "Mozilla/5.0 (Macintosh; Intel Mac OS X 10_15_7) AppleWebKit/605.1.15 (KHTML, like Gecko) Version/18.6 Safari/605.1.15"
::1 - - [12/Aug/2025:11:41:17 +0000] "GET /api/products/search/pos?search=don&limit=50 HTTP/1.1" 304 - "http://localhost:3000/pos" "Mozilla/5.0 (Macintosh; Intel Mac OS X 10_15_7) AppleWebKit/605.1.15 (KHTML, like Gecko) Version/18.6 Safari/605.1.15"
::1 - - [12/Aug/2025:11:41:22 +0000] "GET /api/customers?page=1&limit=10&search=&sortBy=createdAt&sortOrder=desc HTTP/1.1" 304 - "http://localhost:3000/customers" "Mozilla/5.0 (Macintosh; Intel Mac OS X 10_15_7) AppleWebKit/605.1.15 (KHTML, like Gecko) Version/18.6 Safari/605.1.15"
::1 - - [12/Aug/2025:11:41:22 +0000] "GET /api/customers/stats/overview HTTP/1.1" 304 - "http://localhost:3000/customers" "Mozilla/5.0 (Macintosh; Intel Mac OS X 10_15_7) AppleWebKit/605.1.15 (KHTML, like Gecko) Version/18.6 Safari/605.1.15"
::1 - - [12/Aug/2025:11:41:22 +0000] "GET /api/customers?page=1&limit=10&search=&sortBy=createdAt&sortOrder=desc HTTP/1.1" 304 - "http://localhost:3000/customers" "Mozilla/5.0 (Macintosh; Intel Mac OS X 10_15_7) AppleWebKit/605.1.15 (KHTML, like Gecko) Version/18.6 Safari/605.1.15"
::1 - - [12/Aug/2025:11:41:22 +0000] "GET /api/customers/stats/overview HTTP/1.1" 304 - "http://localhost:3000/customers" "Mozilla/5.0 (Macintosh; Intel Mac OS X 10_15_7) AppleWebKit/605.1.15 (KHTML, like Gecko) Version/18.6 Safari/605.1.15"
::1 - - [12/Aug/2025:11:41:28 +0000] "POST /api/sales HTTP/1.1" 201 98 "http://localhost:3000/pos" "Mozilla/5.0 (Macintosh; Intel Mac OS X 10_15_7) AppleWebKit/605.1.15 (KHTML, like Gecko) Version/18.6 Safari/605.1.15"
::1 - - [12/Aug/2025:11:41:35 +0000] "GET /api/customers?page=1&limit=10&search=&sortBy=createdAt&sortOrder=desc HTTP/1.1" 200 1279 "http://localhost:3000/customers" "Mozilla/5.0 (Macintosh; Intel Mac OS X 10_15_7) AppleWebKit/605.1.15 (KHTML, like Gecko) Version/18.6 Safari/605.1.15"
::1 - - [12/Aug/2025:11:41:35 +0000] "GET /api/customers/stats/overview HTTP/1.1" 200 59 "http://localhost:3000/customers" "Mozilla/5.0 (Macintosh; Intel Mac OS X 10_15_7) AppleWebKit/605.1.15 (KHTML, like Gecko) Version/18.6 Safari/605.1.15"
::1 - - [12/Aug/2025:11:41:35 +0000] "GET /api/customers?page=1&limit=10&search=&sortBy=createdAt&sortOrder=desc HTTP/1.1" 304 - "http://localhost:3000/customers" "Mozilla/5.0 (Macintosh; Intel Mac OS X 10_15_7) AppleWebKit/605.1.15 (KHTML, like Gecko) Version/18.6 Safari/605.1.15"
::1 - - [12/Aug/2025:11:41:35 +0000] "GET /api/customers/stats/overview HTTP/1.1" 304 - "http://localhost:3000/customers" "Mozilla/5.0 (Macintosh; Intel Mac OS X 10_15_7) AppleWebKit/605.1.15 (KHTML, like Gecko) Version/18.6 Safari/605.1.15"
::1 - - [12/Aug/2025:11:41:36 +0000] "GET /api/products?page=1&limit=10&search=&category=&season=&lowStock=false HTTP/1.1" 200 1366 "http://localhost:3000/inventory" "Mozilla/5.0 (Macintosh; Intel Mac OS X 10_15_7) AppleWebKit/605.1.15 (KHTML, like Gecko) Version/18.6 Safari/605.1.15"
::1 - - [12/Aug/2025:11:41:36 +0000] "GET /api/products/filters/options HTTP/1.1" 304 - "http://localhost:3000/inventory" "Mozilla/5.0 (Macintosh; Intel Mac OS X 10_15_7) AppleWebKit/605.1.15 (KHTML, like Gecko) Version/18.6 Safari/605.1.15"
::1 - - [12/Aug/2025:11:41:36 +0000] "GET /api/categories HTTP/1.1" 304 - "http://localhost:3000/inventory" "Mozilla/5.0 (Macintosh; Intel Mac OS X 10_15_7) AppleWebKit/605.1.15 (KHTML, like Gecko) Version/18.6 Safari/605.1.15"
::1 - - [12/Aug/2025:11:41:37 +0000] "GET /api/customers?page=1&limit=10&search=&sortBy=createdAt&sortOrder=desc HTTP/1.1" 304 - "http://localhost:3000/customers" "Mozilla/5.0 (Macintosh; Intel Mac OS X 10_15_7) AppleWebKit/605.1.15 (KHTML, like Gecko) Version/18.6 Safari/605.1.15"
::1 - - [12/Aug/2025:11:41:37 +0000] "GET /api/customers/stats/overview HTTP/1.1" 304 - "http://localhost:3000/customers" "Mozilla/5.0 (Macintosh; Intel Mac OS X 10_15_7) AppleWebKit/605.1.15 (KHTML, like Gecko) Version/18.6 Safari/605.1.15"
::1 - - [12/Aug/2025:11:41:37 +0000] "GET /api/customers?page=1&limit=10&search=&sortBy=createdAt&sortOrder=desc HTTP/1.1" 304 - "http://localhost:3000/customers" "Mozilla/5.0 (Macintosh; Intel Mac OS X 10_15_7) AppleWebKit/605.1.15 (KHTML, like Gecko) Version/18.6 Safari/605.1.15"
::1 - - [12/Aug/2025:11:41:37 +0000] "GET /api/customers/stats/overview HTTP/1.1" 304 - "http://localhost:3000/customers" "Mozilla/5.0 (Macintosh; Intel Mac OS X 10_15_7) AppleWebKit/605.1.15 (KHTML, like Gecko) Version/18.6 Safari/605.1.15"
::1 - - [12/Aug/2025:11:41:38 +0000] "GET /api/customers/2 HTTP/1.1" 200 494 "http://localhost:3000/customers/2" "Mozilla/5.0 (Macintosh; Intel Mac OS X 10_15_7) AppleWebKit/605.1.15 (KHTML, like Gecko) Version/18.6 Safari/605.1.15"
::1 - - [12/Aug/2025:11:41:38 +0000] "GET /api/balance/customer/2?limit=50 HTTP/1.1" 200 2480 "http://localhost:3000/customers/2" "Mozilla/5.0 (Macintosh; Intel Mac OS X 10_15_7) AppleWebKit/605.1.15 (KHTML, like Gecko) Version/18.6 Safari/605.1.15"
::1 - - [12/Aug/2025:11:41:43 +0000] "POST /api/balance HTTP/1.1" 201 309 "http://localhost:3000/customers/2" "Mozilla/5.0 (Macintosh; Intel Mac OS X 10_15_7) AppleWebKit/605.1.15 (KHTML, like Gecko) Version/18.6 Safari/605.1.15"
::1 - - [12/Aug/2025:11:41:43 +0000] "GET /api/customers/2 HTTP/1.1" 200 494 "http://localhost:3000/customers/2" "Mozilla/5.0 (Macintosh; Intel Mac OS X 10_15_7) AppleWebKit/605.1.15 (KHTML, like Gecko) Version/18.6 Safari/605.1.15"
::1 - - [12/Aug/2025:11:41:43 +0000] "GET /api/balance/customer/2?limit=50 HTTP/1.1" 200 2791 "http://localhost:3000/customers/2" "Mozilla/5.0 (Macintosh; Intel Mac OS X 10_15_7) AppleWebKit/605.1.15 (KHTML, like Gecko) Version/18.6 Safari/605.1.15"
::1 - - [12/Aug/2025:11:41:47 +0000] "GET /api/sales/10 HTTP/1.1" 200 717 "http://localhost:3000/customers/2" "Mozilla/5.0 (Macintosh; Intel Mac OS X 10_15_7) AppleWebKit/605.1.15 (KHTML, like Gecko) Version/18.6 Safari/605.1.15"
::1 - - [12/Aug/2025:11:41:58 +0000] "POST /api/balance HTTP/1.1" 201 309 "http://localhost:3000/customers/2" "Mozilla/5.0 (Macintosh; Intel Mac OS X 10_15_7) AppleWebKit/605.1.15 (KHTML, like Gecko) Version/18.6 Safari/605.1.15"
::1 - - [12/Aug/2025:11:41:58 +0000] "GET /api/customers/2 HTTP/1.1" 200 493 "http://localhost:3000/customers/2" "Mozilla/5.0 (Macintosh; Intel Mac OS X 10_15_7) AppleWebKit/605.1.15 (KHTML, like Gecko) Version/18.6 Safari/605.1.15"
::1 - - [12/Aug/2025:11:41:58 +0000] "GET /api/balance/customer/2?limit=50 HTTP/1.1" 200 3102 "http://localhost:3000/customers/2" "Mozilla/5.0 (Macintosh; Intel Mac OS X 10_15_7) AppleWebKit/605.1.15 (KHTML, like Gecko) Version/18.6 Safari/605.1.15"
::1 - - [12/Aug/2025:11:42:03 +0000] "GET /api/customers?search=can&limit=5 HTTP/1.1" 200 702 "http://localhost:3000/pos" "Mozilla/5.0 (Macintosh; Intel Mac OS X 10_15_7) AppleWebKit/605.1.15 (KHTML, like Gecko) Version/18.6 Safari/605.1.15"
::1 - - [12/Aug/2025:11:42:06 +0000] "GET /api/products/search/pos?search=f&limit=50 HTTP/1.1" 200 25 "http://localhost:3000/pos" "Mozilla/5.0 (Macintosh; Intel Mac OS X 10_15_7) AppleWebKit/605.1.15 (KHTML, like Gecko) Version/18.6 Safari/605.1.15"
::1 - - [12/Aug/2025:11:42:08 +0000] "GET /api/products/search/pos?search=don&limit=50 HTTP/1.1" 200 328 "http://localhost:3000/pos" "Mozilla/5.0 (Macintosh; Intel Mac OS X 10_15_7) AppleWebKit/605.1.15 (KHTML, like Gecko) Version/18.6 Safari/605.1.15"
::1 - - [12/Aug/2025:11:42:24 +0000] "GET /api/customers?page=1&limit=10&search=&sortBy=createdAt&sortOrder=desc HTTP/1.1" 200 1278 "http://localhost:3000/customers" "Mozilla/5.0 (Macintosh; Intel Mac OS X 10_15_7) AppleWebKit/605.1.15 (KHTML, like Gecko) Version/18.6 Safari/605.1.15"
::1 - - [12/Aug/2025:11:42:24 +0000] "GET /api/customers/stats/overview HTTP/1.1" 304 - "http://localhost:3000/customers" "Mozilla/5.0 (Macintosh; Intel Mac OS X 10_15_7) AppleWebKit/605.1.15 (KHTML, like Gecko) Version/18.6 Safari/605.1.15"
::1 - - [12/Aug/2025:11:42:24 +0000] "GET /api/customers?page=1&limit=10&search=&sortBy=createdAt&sortOrder=desc HTTP/1.1" 304 - "http://localhost:3000/customers" "Mozilla/5.0 (Macintosh; Intel Mac OS X 10_15_7) AppleWebKit/605.1.15 (KHTML, like Gecko) Version/18.6 Safari/605.1.15"
::1 - - [12/Aug/2025:11:42:24 +0000] "GET /api/customers/stats/overview HTTP/1.1" 304 - "http://localhost:3000/customers" "Mozilla/5.0 (Macintosh; Intel Mac OS X 10_15_7) AppleWebKit/605.1.15 (KHTML, like Gecko) Version/18.6 Safari/605.1.15"
::1 - - [12/Aug/2025:11:42:29 +0000] "GET /manifest.json HTTP/1.1" 200 993 "http://localhost:3000/pos" "Mozilla/5.0 (Macintosh; Intel Mac OS X 10_15_7) AppleWebKit/605.1.15 (KHTML, like Gecko) Version/18.6 Safari/605.1.15"
::1 - - [12/Aug/2025:11:42:29 +0000] "GET /api/auth/me HTTP/1.1" 304 - "http://localhost:3000/pos" "Mozilla/5.0 (Macintosh; Intel Mac OS X 10_15_7) AppleWebKit/605.1.15 (KHTML, like Gecko) Version/18.6 Safari/605.1.15"
::1 - - [12/Aug/2025:11:42:29 +0000] "GET /api/auth/me HTTP/1.1" 304 - "http://localhost:3000/pos" "Mozilla/5.0 (Macintosh; Intel Mac OS X 10_15_7) AppleWebKit/605.1.15 (KHTML, like Gecko) Version/18.6 Safari/605.1.15"
::1 - - [12/Aug/2025:11:42:41 +0000] "GET /manifest.json HTTP/1.1" 200 993 "http://localhost:3000/pos" "Mozilla/5.0 (Macintosh; Intel Mac OS X 10_15_7) AppleWebKit/605.1.15 (KHTML, like Gecko) Version/18.6 Safari/605.1.15"
::1 - - [12/Aug/2025:11:42:41 +0000] "GET /api/auth/me HTTP/1.1" 304 - "http://localhost:3000/pos" "Mozilla/5.0 (Macintosh; Intel Mac OS X 10_15_7) AppleWebKit/605.1.15 (KHTML, like Gecko) Version/18.6 Safari/605.1.15"
::1 - - [12/Aug/2025:11:42:41 +0000] "GET /api/auth/me HTTP/1.1" 304 - "http://localhost:3000/pos" "Mozilla/5.0 (Macintosh; Intel Mac OS X 10_15_7) AppleWebKit/605.1.15 (KHTML, like Gecko) Version/18.6 Safari/605.1.15"
::1 - - [12/Aug/2025:11:43:17 +0000] "GET /api/customers/stats/overview HTTP/1.1" 304 - "http://localhost:3000/" "Mozilla/5.0 (Macintosh; Intel Mac OS X 10_15_7) AppleWebKit/605.1.15 (KHTML, like Gecko) Version/18.6 Safari/605.1.15"
::1 - - [12/Aug/2025:11:43:17 +0000] "GET /api/customers/stats/overview HTTP/1.1" 304 - "http://localhost:3000/" "Mozilla/5.0 (Macintosh; Intel Mac OS X 10_15_7) AppleWebKit/605.1.15 (KHTML, like Gecko) Version/18.6 Safari/605.1.15"
::1 - - [12/Aug/2025:11:43:17 +0000] "GET /api/balance/stats/overview HTTP/1.1" 200 182 "http://localhost:3000/" "Mozilla/5.0 (Macintosh; Intel Mac OS X 10_15_7) AppleWebKit/605.1.15 (KHTML, like Gecko) Version/18.6 Safari/605.1.15"
::1 - - [12/Aug/2025:11:43:17 +0000] "GET /api/balance/stats/overview HTTP/1.1" 304 - "http://localhost:3000/" "Mozilla/5.0 (Macintosh; Intel Mac OS X 10_15_7) AppleWebKit/605.1.15 (KHTML, like Gecko) Version/18.6 Safari/605.1.15"
::1 - - [12/Aug/2025:11:43:17 +0000] "GET /api/sales/stats/overview HTTP/1.1" 200 90 "http://localhost:3000/" "Mozilla/5.0 (Macintosh; Intel Mac OS X 10_15_7) AppleWebKit/605.1.15 (KHTML, like Gecko) Version/18.6 Safari/605.1.15"
::1 - - [12/Aug/2025:11:43:17 +0000] "GET /api/sales/stats/overview HTTP/1.1" 304 - "http://localhost:3000/" "Mozilla/5.0 (Macintosh; Intel Mac OS X 10_15_7) AppleWebKit/605.1.15 (KHTML, like Gecko) Version/18.6 Safari/605.1.15"
::1 - - [12/Aug/2025:11:43:17 +0000] "GET /api/balance/recent?limit=5 HTTP/1.1" 200 1997 "http://localhost:3000/" "Mozilla/5.0 (Macintosh; Intel Mac OS X 10_15_7) AppleWebKit/605.1.15 (KHTML, like Gecko) Version/18.6 Safari/605.1.15"
::1 - - [12/Aug/2025:11:43:17 +0000] "GET /api/balance/recent?limit=5 HTTP/1.1" 200 1997 "http://localhost:3000/" "Mozilla/5.0 (Macintosh; Intel Mac OS X 10_15_7) AppleWebKit/605.1.15 (KHTML, like Gecko) Version/18.6 Safari/605.1.15"
::1 - - [12/Aug/2025:11:43:17 +0000] "GET /api/products/low-stock HTTP/1.1" 404 79 "http://localhost:3000/" "Mozilla/5.0 (Macintosh; Intel Mac OS X 10_15_7) AppleWebKit/605.1.15 (KHTML, like Gecko) Version/18.6 Safari/605.1.15"
::1 - - [12/Aug/2025:11:43:17 +0000] "GET /api/products/low-stock HTTP/1.1" 404 79 "http://localhost:3000/" "Mozilla/5.0 (Macintosh; Intel Mac OS X 10_15_7) AppleWebKit/605.1.15 (KHTML, like Gecko) Version/18.6 Safari/605.1.15"
::1 - - [12/Aug/2025:11:43:18 +0000] "GET /api/products?page=1&limit=10&search=&category=&season=&lowStock=false HTTP/1.1" 304 - "http://localhost:3000/inventory" "Mozilla/5.0 (Macintosh; Intel Mac OS X 10_15_7) AppleWebKit/605.1.15 (KHTML, like Gecko) Version/18.6 Safari/605.1.15"
::1 - - [12/Aug/2025:11:43:18 +0000] "GET /api/products/filters/options HTTP/1.1" 304 - "http://localhost:3000/inventory" "Mozilla/5.0 (Macintosh; Intel Mac OS X 10_15_7) AppleWebKit/605.1.15 (KHTML, like Gecko) Version/18.6 Safari/605.1.15"
::1 - - [12/Aug/2025:11:43:18 +0000] "GET /api/categories HTTP/1.1" 304 - "http://localhost:3000/inventory" "Mozilla/5.0 (Macintosh; Intel Mac OS X 10_15_7) AppleWebKit/605.1.15 (KHTML, like Gecko) Version/18.6 Safari/605.1.15"
::1 - - [12/Aug/2025:11:43:18 +0000] "GET /api/categories HTTP/1.1" 304 - "http://localhost:3000/inventory" "Mozilla/5.0 (Macintosh; Intel Mac OS X 10_15_7) AppleWebKit/605.1.15 (KHTML, like Gecko) Version/18.6 Safari/605.1.15"
::1 - - [12/Aug/2025:11:43:18 +0000] "GET /api/products?page=1&limit=10&search=&category=&season=&lowStock=false HTTP/1.1" 304 - "http://localhost:3000/inventory" "Mozilla/5.0 (Macintosh; Intel Mac OS X 10_15_7) AppleWebKit/605.1.15 (KHTML, like Gecko) Version/18.6 Safari/605.1.15"
::1 - - [12/Aug/2025:11:43:18 +0000] "GET /api/products/filters/options HTTP/1.1" 304 - "http://localhost:3000/inventory" "Mozilla/5.0 (Macintosh; Intel Mac OS X 10_15_7) AppleWebKit/605.1.15 (KHTML, like Gecko) Version/18.6 Safari/605.1.15"
🚀 Server 5000 portunda çalışıyor
📱 API: http://localhost:5000/api
🏥 Health Check: http://localhost:5000/api/health
SQLite veritabanına başarıyla bağlanıldı
Veritabanı tabloları senkronize edildi
✅ SQLite veritabanı hazır
::1 - - [12/Aug/2025:12:29:29 +0000] "GET /api/health HTTP/1.1" 200 93 "-" "curl/8.7.1"
