Error: listen EADDRINUSE: address already in use :::5000
    at Server.setupListenHandle [as _listen2] (node:net:1940:16)
    at listenInCluster (node:net:1997:12)
    at Server.listen (node:net:2102:7)
    at app.listen (/Users/mertcolak/Desktop/tekinlerapp/node_modules/express/lib/application.js:635:24)
    at Object.<anonymous> (/Users/mertcolak/Desktop/tekinlerapp/server.js:125:5)
    at Module._compile (node:internal/modules/cjs/loader:1738:14)
    at Object..js (node:internal/modules/cjs/loader:1871:10)
    at Module.load (node:internal/modules/cjs/loader:1470:32)
    at Module._load (node:internal/modules/cjs/loader:1290:12)
    at Object.<anonymous> (/opt/homebrew/lib/node_modules/pm2/lib/ProcessContainerFork.js:33:23) {
  code: 'EADDRINUSE',
  errno: -48,
  syscall: 'listen',
  address: '::',
  port: 5000
}
Error: listen EADDRINUSE: address already in use :::5000
    at Server.setupListenHandle [as _listen2] (node:net:1940:16)
    at listenInCluster (node:net:1997:12)
    at Server.listen (node:net:2102:7)
    at app.listen (/Users/mertcolak/Desktop/tekinlerapp/node_modules/express/lib/application.js:635:24)
    at Object.<anonymous> (/Users/mertcolak/Desktop/tekinlerapp/server.js:125:5)
    at Module._compile (node:internal/modules/cjs/loader:1738:14)
    at Object..js (node:internal/modules/cjs/loader:1871:10)
    at Module.load (node:internal/modules/cjs/loader:1470:32)
    at Module._load (node:internal/modules/cjs/loader:1290:12)
    at Object.<anonymous> (/opt/homebrew/lib/node_modules/pm2/lib/ProcessContainerFork.js:33:23) {
  code: 'EADDRINUSE',
  errno: -48,
  syscall: 'listen',
  address: '::',
  port: 5000
}
Error: listen EADDRINUSE: address already in use :::5000
    at Server.setupListenHandle [as _listen2] (node:net:1940:16)
    at listenInCluster (node:net:1997:12)
    at Server.listen (node:net:2102:7)
    at app.listen (/Users/mertcolak/Desktop/tekinlerapp/node_modules/express/lib/application.js:635:24)
    at Object.<anonymous> (/Users/mertcolak/Desktop/tekinlerapp/server.js:125:5)
    at Module._compile (node:internal/modules/cjs/loader:1738:14)
    at Object..js (node:internal/modules/cjs/loader:1871:10)
    at Module.load (node:internal/modules/cjs/loader:1470:32)
    at Module._load (node:internal/modules/cjs/loader:1290:12)
    at Object.<anonymous> (/opt/homebrew/lib/node_modules/pm2/lib/ProcessContainerFork.js:33:23) {
  code: 'EADDRINUSE',
  errno: -48,
  syscall: 'listen',
  address: '::',
  port: 5000
}
Error: listen EADDRINUSE: address already in use :::5000
    at Server.setupListenHandle [as _listen2] (node:net:1940:16)
    at listenInCluster (node:net:1997:12)
    at Server.listen (node:net:2102:7)
    at app.listen (/Users/mertcolak/Desktop/tekinlerapp/node_modules/express/lib/application.js:635:24)
    at Object.<anonymous> (/Users/mertcolak/Desktop/tekinlerapp/server.js:125:5)
    at Module._compile (node:internal/modules/cjs/loader:1738:14)
    at Object..js (node:internal/modules/cjs/loader:1871:10)
    at Module.load (node:internal/modules/cjs/loader:1470:32)
    at Module._load (node:internal/modules/cjs/loader:1290:12)
    at Object.<anonymous> (/opt/homebrew/lib/node_modules/pm2/lib/ProcessContainerFork.js:33:23) {
  code: 'EADDRINUSE',
  errno: -48,
  syscall: 'listen',
  address: '::',
  port: 5000
}
Error: listen EADDRINUSE: address already in use :::5000
    at Server.setupListenHandle [as _listen2] (node:net:1940:16)
    at listenInCluster (node:net:1997:12)
    at Server.listen (node:net:2102:7)
    at app.listen (/Users/mertcolak/Desktop/tekinlerapp/node_modules/express/lib/application.js:635:24)
    at Object.<anonymous> (/Users/mertcolak/Desktop/tekinlerapp/server.js:125:5)
    at Module._compile (node:internal/modules/cjs/loader:1738:14)
    at Object..js (node:internal/modules/cjs/loader:1871:10)
    at Module.load (node:internal/modules/cjs/loader:1470:32)
    at Module._load (node:internal/modules/cjs/loader:1290:12)
    at Object.<anonymous> (/opt/homebrew/lib/node_modules/pm2/lib/ProcessContainerFork.js:33:23) {
  code: 'EADDRINUSE',
  errno: -48,
  syscall: 'listen',
  address: '::',
  port: 5000
}
Error: listen EADDRINUSE: address already in use :::5000
    at Server.setupListenHandle [as _listen2] (node:net:1940:16)
    at listenInCluster (node:net:1997:12)
    at Server.listen (node:net:2102:7)
    at app.listen (/Users/mertcolak/Desktop/tekinlerapp/node_modules/express/lib/application.js:635:24)
    at Object.<anonymous> (/Users/mertcolak/Desktop/tekinlerapp/server.js:125:5)
    at Module._compile (node:internal/modules/cjs/loader:1738:14)
    at Object..js (node:internal/modules/cjs/loader:1871:10)
    at Module.load (node:internal/modules/cjs/loader:1470:32)
    at Module._load (node:internal/modules/cjs/loader:1290:12)
    at Object.<anonymous> (/opt/homebrew/lib/node_modules/pm2/lib/ProcessContainerFork.js:33:23) {
  code: 'EADDRINUSE',
  errno: -48,
  syscall: 'listen',
  address: '::',
  port: 5000
}
Error: listen EADDRINUSE: address already in use :::5000
    at Server.setupListenHandle [as _listen2] (node:net:1940:16)
    at listenInCluster (node:net:1997:12)
    at Server.listen (node:net:2102:7)
    at app.listen (/Users/mertcolak/Desktop/tekinlerapp/node_modules/express/lib/application.js:635:24)
    at Object.<anonymous> (/Users/mertcolak/Desktop/tekinlerapp/server.js:125:5)
    at Module._compile (node:internal/modules/cjs/loader:1738:14)
    at Object..js (node:internal/modules/cjs/loader:1871:10)
    at Module.load (node:internal/modules/cjs/loader:1470:32)
    at Module._load (node:internal/modules/cjs/loader:1290:12)
    at Object.<anonymous> (/opt/homebrew/lib/node_modules/pm2/lib/ProcessContainerFork.js:33:23) {
  code: 'EADDRINUSE',
  errno: -48,
  syscall: 'listen',
  address: '::',
  port: 5000
}
Error: listen EADDRINUSE: address already in use :::5000
    at Server.setupListenHandle [as _listen2] (node:net:1940:16)
    at listenInCluster (node:net:1997:12)
    at Server.listen (node:net:2102:7)
    at app.listen (/Users/mertcolak/Desktop/tekinlerapp/node_modules/express/lib/application.js:635:24)
    at Object.<anonymous> (/Users/mertcolak/Desktop/tekinlerapp/server.js:125:5)
    at Module._compile (node:internal/modules/cjs/loader:1738:14)
    at Object..js (node:internal/modules/cjs/loader:1871:10)
    at Module.load (node:internal/modules/cjs/loader:1470:32)
    at Module._load (node:internal/modules/cjs/loader:1290:12)
    at Object.<anonymous> (/opt/homebrew/lib/node_modules/pm2/lib/ProcessContainerFork.js:33:23) {
  code: 'EADDRINUSE',
  errno: -48,
  syscall: 'listen',
  address: '::',
  port: 5000
}
Error: listen EADDRINUSE: address already in use :::5000
    at Server.setupListenHandle [as _listen2] (node:net:1940:16)
    at listenInCluster (node:net:1997:12)
    at Server.listen (node:net:2102:7)
    at app.listen (/Users/mertcolak/Desktop/tekinlerapp/node_modules/express/lib/application.js:635:24)
    at Object.<anonymous> (/Users/mertcolak/Desktop/tekinlerapp/server.js:125:5)
    at Module._compile (node:internal/modules/cjs/loader:1738:14)
    at Object..js (node:internal/modules/cjs/loader:1871:10)
    at Module.load (node:internal/modules/cjs/loader:1470:32)
    at Module._load (node:internal/modules/cjs/loader:1290:12)
    at Object.<anonymous> (/opt/homebrew/lib/node_modules/pm2/lib/ProcessContainerFork.js:33:23) {
  code: 'EADDRINUSE',
  errno: -48,
  syscall: 'listen',
  address: '::',
  port: 5000
}
Error: listen EADDRINUSE: address already in use :::5000
    at Server.setupListenHandle [as _listen2] (node:net:1940:16)
    at listenInCluster (node:net:1997:12)
    at Server.listen (node:net:2102:7)
    at app.listen (/Users/mertcolak/Desktop/tekinlerapp/node_modules/express/lib/application.js:635:24)
    at Object.<anonymous> (/Users/mertcolak/Desktop/tekinlerapp/server.js:125:5)
    at Module._compile (node:internal/modules/cjs/loader:1738:14)
    at Object..js (node:internal/modules/cjs/loader:1871:10)
    at Module.load (node:internal/modules/cjs/loader:1470:32)
    at Module._load (node:internal/modules/cjs/loader:1290:12)
    at Object.<anonymous> (/opt/homebrew/lib/node_modules/pm2/lib/ProcessContainerFork.js:33:23) {
  code: 'EADDRINUSE',
  errno: -48,
  syscall: 'listen',
  address: '::',
  port: 5000
}
Error: listen EADDRINUSE: address already in use :::5000
    at Server.setupListenHandle [as _listen2] (node:net:1940:16)
    at listenInCluster (node:net:1997:12)
    at Server.listen (node:net:2102:7)
    at app.listen (/Users/mertcolak/Desktop/tekinlerapp/node_modules/express/lib/application.js:635:24)
    at Object.<anonymous> (/Users/mertcolak/Desktop/tekinlerapp/server.js:125:5)
    at Module._compile (node:internal/modules/cjs/loader:1738:14)
    at Object..js (node:internal/modules/cjs/loader:1871:10)
    at Module.load (node:internal/modules/cjs/loader:1470:32)
    at Module._load (node:internal/modules/cjs/loader:1290:12)
    at Object.<anonymous> (/opt/homebrew/lib/node_modules/pm2/lib/ProcessContainerFork.js:33:23) {
  code: 'EADDRINUSE',
  errno: -48,
  syscall: 'listen',
  address: '::',
  port: 5000
}
Error: listen EADDRINUSE: address already in use :::5000
    at Server.setupListenHandle [as _listen2] (node:net:1940:16)
    at listenInCluster (node:net:1997:12)
    at Server.listen (node:net:2102:7)
    at app.listen (/Users/mertcolak/Desktop/tekinlerapp/node_modules/express/lib/application.js:635:24)
    at Object.<anonymous> (/Users/mertcolak/Desktop/tekinlerapp/server.js:125:5)
    at Module._compile (node:internal/modules/cjs/loader:1738:14)
    at Object..js (node:internal/modules/cjs/loader:1871:10)
    at Module.load (node:internal/modules/cjs/loader:1470:32)
    at Module._load (node:internal/modules/cjs/loader:1290:12)
    at Object.<anonymous> (/opt/homebrew/lib/node_modules/pm2/lib/ProcessContainerFork.js:33:23) {
  code: 'EADDRINUSE',
  errno: -48,
  syscall: 'listen',
  address: '::',
  port: 5000
}
Error: listen EADDRINUSE: address already in use :::5000
    at Server.setupListenHandle [as _listen2] (node:net:1940:16)
    at listenInCluster (node:net:1997:12)
    at Server.listen (node:net:2102:7)
    at app.listen (/Users/mertcolak/Desktop/tekinlerapp/node_modules/express/lib/application.js:635:24)
    at Object.<anonymous> (/Users/mertcolak/Desktop/tekinlerapp/server.js:125:5)
    at Module._compile (node:internal/modules/cjs/loader:1738:14)
    at Object..js (node:internal/modules/cjs/loader:1871:10)
    at Module.load (node:internal/modules/cjs/loader:1470:32)
    at Module._load (node:internal/modules/cjs/loader:1290:12)
    at Object.<anonymous> (/opt/homebrew/lib/node_modules/pm2/lib/ProcessContainerFork.js:33:23) {
  code: 'EADDRINUSE',
  errno: -48,
  syscall: 'listen',
  address: '::',
  port: 5000
}
Error: listen EADDRINUSE: address already in use :::5000
    at Server.setupListenHandle [as _listen2] (node:net:1940:16)
    at listenInCluster (node:net:1997:12)
    at Server.listen (node:net:2102:7)
    at app.listen (/Users/mertcolak/Desktop/tekinlerapp/node_modules/express/lib/application.js:635:24)
    at Object.<anonymous> (/Users/mertcolak/Desktop/tekinlerapp/server.js:125:5)
    at Module._compile (node:internal/modules/cjs/loader:1738:14)
    at Object..js (node:internal/modules/cjs/loader:1871:10)
    at Module.load (node:internal/modules/cjs/loader:1470:32)
    at Module._load (node:internal/modules/cjs/loader:1290:12)
    at Object.<anonymous> (/opt/homebrew/lib/node_modules/pm2/lib/ProcessContainerFork.js:33:23) {
  code: 'EADDRINUSE',
  errno: -48,
  syscall: 'listen',
  address: '::',
  port: 5000
}
Error: listen EADDRINUSE: address already in use :::5000
    at Server.setupListenHandle [as _listen2] (node:net:1940:16)
    at listenInCluster (node:net:1997:12)
    at Server.listen (node:net:2102:7)
    at app.listen (/Users/mertcolak/Desktop/tekinlerapp/node_modules/express/lib/application.js:635:24)
    at Object.<anonymous> (/Users/mertcolak/Desktop/tekinlerapp/server.js:125:5)
    at Module._compile (node:internal/modules/cjs/loader:1738:14)
    at Object..js (node:internal/modules/cjs/loader:1871:10)
    at Module.load (node:internal/modules/cjs/loader:1470:32)
    at Module._load (node:internal/modules/cjs/loader:1290:12)
    at Object.<anonymous> (/opt/homebrew/lib/node_modules/pm2/lib/ProcessContainerFork.js:33:23) {
  code: 'EADDRINUSE',
  errno: -48,
  syscall: 'listen',
  address: '::',
  port: 5000
}
Error: listen EADDRINUSE: address already in use :::5000
    at Server.setupListenHandle [as _listen2] (node:net:1940:16)
    at listenInCluster (node:net:1997:12)
    at Server.listen (node:net:2102:7)
    at app.listen (/Users/mertcolak/Desktop/tekinlerapp/node_modules/express/lib/application.js:635:24)
    at Object.<anonymous> (/Users/mertcolak/Desktop/tekinlerapp/server.js:125:5)
    at Module._compile (node:internal/modules/cjs/loader:1738:14)
    at Object..js (node:internal/modules/cjs/loader:1871:10)
    at Module.load (node:internal/modules/cjs/loader:1470:32)
    at Module._load (node:internal/modules/cjs/loader:1290:12)
    at Object.<anonymous> (/opt/homebrew/lib/node_modules/pm2/lib/ProcessContainerFork.js:33:23) {
  code: 'EADDRINUSE',
  errno: -48,
  syscall: 'listen',
  address: '::',
  port: 5000
}
